# JRE version: OpenJDK Runtime Environment (8.0_242-b01) (build 1.8.0_242-release-1644-b01)
# Java VM: OpenJDK 64-Bit Server VM (25.242-b01 mixed mode windows-amd64 compressed oops)
Heap:
 PSYoungGen      total 594432K, used 541725K [0x00000000d5580000, 0x0000000100000000, 0x0000000100000000)
  eden space 489984K, 100% used [0x00000000d5580000,0x00000000f3400000,0x00000000f3400000)
  from space 104448K, 49% used [0x00000000f3400000,0x00000000f66875a0,0x00000000f9a00000)
  to   space 101888K, 2% used [0x00000000f9c80000,0x00000000f9f40070,0x0000000100000000)
 ParOldGen       total 426496K, used 203276K [0x0000000080000000, 0x000000009a080000, 0x00000000d5580000)
  object space 426496K, 47% used [0x0000000080000000,0x000000008c683130,0x000000009a080000)
 Metaspace       used 122018K, capacity 130614K, committed 130904K, reserved 1163264K
  class space    used 15557K, capacity 16992K, committed 17280K, reserved 1048576K
GC Heap History (10 events):
Event: 14113.641 GC heap after
Heap after GC invocations=53 (full 5):
 PSYoungGen      total 603648K, used 38744K [0x00000000d5580000, 0x0000000100000000, 0x0000000100000000)
  eden space 532992K, 0% used [0x00000000d5580000,0x00000000d5580000,0x00000000f5e00000)
  from space 70656K, 54% used [0x00000000fbb00000,0x00000000fe0d6290,0x0000000100000000)
  to   space 82944K, 0% used [0x00000000f5e00000,0x00000000f5e00000,0x00000000faf00000)
 ParOldGen       total 344576K, used 309162K [0x0000000080000000, 0x0000000095080000, 0x00000000d5580000)
  object space 344576K, 89% used [0x0000000080000000,0x0000000092deaaf8,0x0000000095080000)
 Metaspace       used 121371K, capacity 128994K, committed 129112K, reserved 1161216K
  class space    used 15528K, capacity 16961K, committed 17024K, reserved 1048576K
}
Event: 14145.353 GC heap before
{Heap before GC invocations=54 (full 5):
 PSYoungGen      total 603648K, used 571736K [0x00000000d5580000, 0x0000000100000000, 0x0000000100000000)
  eden space 532992K, 100% used [0x00000000d5580000,0x00000000f5e00000,0x00000000f5e00000)
  from space 70656K, 54% used [0x00000000fbb00000,0x00000000fe0d6290,0x0000000100000000)
  to   space 82944K, 0% used [0x00000000f5e00000,0x00000000f5e00000,0x00000000faf00000)
 ParOldGen       total 344576K, used 309162K [0x0000000080000000, 0x0000000095080000, 0x00000000d5580000)
  object space 344576K, 89% used [0x0000000080000000,0x0000000092deaaf8,0x0000000095080000)
 Metaspace       used 121763K, capacity 129620K, committed 129624K, reserved 1161216K
  class space    used 15564K, capacity 17024K, committed 17024K, reserved 1048576K
Event: 14145.832 GC heap after
Heap after GC invocations=54 (full 5):
 PSYoungGen      total 615936K, used 39365K [0x00000000d5580000, 0x0000000100000000, 0x0000000100000000)
  eden space 532992K, 0% used [0x00000000d5580000,0x00000000d5580000,0x00000000f5e00000)
  from space 82944K, 47% used [0x00000000f5e00000,0x00000000f84715a8,0x00000000faf00000)
  to   space 79872K, 0% used [0x00000000fb200000,0x00000000fb200000,0x0000000100000000)
 ParOldGen       total 344576K, used 309170K [0x0000000080000000, 0x0000000095080000, 0x00000000d5580000)
  object space 344576K, 89% used [0x0000000080000000,0x0000000092decaf8,0x0000000095080000)
 Metaspace       used 121763K, capacity 129620K, committed 129624K, reserved 1161216K
  class space    used 15564K, capacity 17024K, committed 17024K, reserved 1048576K
}
Event: 14326.603 GC heap before
{Heap before GC invocations=55 (full 5):
 PSYoungGen      total 615936K, used 572357K [0x00000000d5580000, 0x0000000100000000, 0x0000000100000000)
  eden space 532992K, 100% used [0x00000000d5580000,0x00000000f5e00000,0x00000000f5e00000)
  from space 82944K, 47% used [0x00000000f5e00000,0x00000000f84715a8,0x00000000faf00000)
  to   space 79872K, 0% used [0x00000000fb200000,0x00000000fb200000,0x0000000100000000)
 ParOldGen       total 344576K, used 309170K [0x0000000080000000, 0x0000000095080000, 0x00000000d5580000)
  object space 344576K, 89% used [0x0000000080000000,0x0000000092decaf8,0x0000000095080000)
 Metaspace       used 122219K, capacity 130562K, committed 130776K, reserved 1163264K
  class space    used 15626K, capacity 17137K, committed 17152K, reserved 1048576K
Event: 14328.137 GC heap after
Heap after GC invocations=55 (full 5):
 PSYoungGen      total 569856K, used 79853K [0x00000000d5580000, 0x0000000100000000, 0x0000000100000000)
  eden space 489984K, 0% used [0x00000000d5580000,0x00000000d5580000,0x00000000f3400000)
  from space 79872K, 99% used [0x00000000fb200000,0x00000000ffffb5c0,0x0000000100000000)
  to   space 104448K, 0% used [0x00000000f3400000,0x00000000f3400000,0x00000000f9a00000)
 ParOldGen       total 344576K, used 342596K [0x0000000080000000, 0x0000000095080000, 0x00000000d5580000)
  object space 344576K, 99% used [0x0000000080000000,0x0000000094e911b0,0x0000000095080000)
 Metaspace       used 122219K, capacity 130562K, committed 130776K, reserved 1163264K
  class space    used 15626K, capacity 17137K, committed 17152K, reserved 1048576K
}
Event: 14328.139 GC heap before
{Heap before GC invocations=56 (full 6):
 PSYoungGen      total 569856K, used 79853K [0x00000000d5580000, 0x0000000100000000, 0x0000000100000000)
  eden space 489984K, 0% used [0x00000000d5580000,0x00000000d5580000,0x00000000f3400000)
  from space 79872K, 99% used [0x00000000fb200000,0x00000000ffffb5c0,0x0000000100000000)
  to   space 104448K, 0% used [0x00000000f3400000,0x00000000f3400000,0x00000000f9a00000)
 ParOldGen       total 344576K, used 342596K [0x0000000080000000, 0x0000000095080000, 0x00000000d5580000)
  object space 344576K, 99% used [0x0000000080000000,0x0000000094e911b0,0x0000000095080000)
 Metaspace       used 122219K, capacity 130562K, committed 130776K, reserved 1163264K
  class space    used 15626K, capacity 17137K, committed 17152K, reserved 1048576K
Event: 14336.685 GC heap after
Heap after GC invocations=56 (full 6):
 PSYoungGen      total 569856K, used 0K [0x00000000d5580000, 0x0000000100000000, 0x0000000100000000)
  eden space 489984K, 0% used [0x00000000d5580000,0x00000000d5580000,0x00000000f3400000)
  from space 79872K, 0% used [0x00000000fb200000,0x00000000fb200000,0x0000000100000000)
  to   space 104448K, 0% used [0x00000000f3400000,0x00000000f3400000,0x00000000f9a00000)
 ParOldGen       total 426496K, used 203268K [0x0000000080000000, 0x000000009a080000, 0x00000000d5580000)
  object space 426496K, 47% used [0x0000000080000000,0x000000008c681130,0x000000009a080000)
 Metaspace       used 120856K, capacity 128182K, committed 130776K, reserved 1163264K
  class space    used 15360K, capacity 16630K, committed 17152K, reserved 1048576K
}
Event: 14620.726 GC heap before
{Heap before GC invocations=57 (full 6):
 PSYoungGen      total 569856K, used 489984K [0x00000000d5580000, 0x0000000100000000, 0x0000000100000000)
  eden space 489984K, 100% used [0x00000000d5580000,0x00000000f3400000,0x00000000f3400000)
  from space 79872K, 0% used [0x00000000fb200000,0x00000000fb200000,0x0000000100000000)
  to   space 104448K, 0% used [0x00000000f3400000,0x00000000f3400000,0x00000000f9a00000)
 ParOldGen       total 426496K, used 203268K [0x0000000080000000, 0x000000009a080000, 0x00000000d5580000)
  object space 426496K, 47% used [0x0000000080000000,0x000000008c681130,0x000000009a080000)
 Metaspace       used 121029K, capacity 128410K, committed 130776K, reserved 1163264K
  class space    used 15365K, capacity 16636K, committed 17152K, reserved 1048576K
Event: 14621.524 GC heap after
Heap after GC invocations=57 (full 6):
 PSYoungGen      total 594432K, used 51741K [0x00000000d5580000, 0x0000000100000000, 0x0000000100000000)
  eden space 489984K, 0% used [0x00000000d5580000,0x00000000d5580000,0x00000000f3400000)
  from space 104448K, 49% used [0x00000000f3400000,0x00000000f66875a0,0x00000000f9a00000)
  to   space 101888K, 0% used [0x00000000f9c80000,0x00000000f9c80000,0x0000000100000000)
 ParOldGen       total 426496K, used 203276K [0x0000000080000000, 0x000000009a080000, 0x00000000d5580000)
  object space 426496K, 47% used [0x0000000080000000,0x000000008c683130,0x000000009a080000)
 Metaspace       used 121029K, capacity 128410K, committed 130776K, reserved 1163264K
  class space    used 15365K, capacity 16636K, committed 17152K, reserved 1048576K
}
Event: 16628.105 GC heap before
{Heap before GC invocations=58 (full 6):
 PSYoungGen      total 594432K, used 541725K [0x00000000d5580000, 0x0000000100000000, 0x0000000100000000)
  eden space 489984K, 100% used [0x00000000d5580000,0x00000000f3400000,0x00000000f3400000)
  from space 104448K, 49% used [0x00000000f3400000,0x00000000f66875a0,0x00000000f9a00000)
  to   space 101888K, 0% used [0x00000000f9c80000,0x00000000f9c80000,0x0000000100000000)
 ParOldGen       total 426496K, used 203276K [0x0000000080000000, 0x000000009a080000, 0x00000000d5580000)
  object space 426496K, 47% used [0x0000000080000000,0x000000008c683130,0x000000009a080000)
 Metaspace       used 122018K, capacity 130614K, committed 130904K, reserved 1163264K
  class space    used 15557K, capacity 16992K, committed 17280K, reserved 1048576K

